<?xml version="1.0" encoding="UTF-8"?><testrun name="Rerun raphaelpantaleao.bankocr.tests.endtoend.BankOCREndToEndTest" project="KataBankOCR" tests="1" started="1" failures="1" errors="0" ignored="0">
  <testsuite name="raphaelpantaleao.bankocr.tests.endtoend.BankOCREndToEndTest" time="2.076">
    <testcase name="userSelectsAScannedFileAndExhibitsItsAccountSuccesfully" classname="raphaelpantaleao.bankocr.tests.endtoend.BankOCREndToEndTest" time="2.076">
      <failure>java.lang.AssertionError: 
Tried to find:
    exactly 1 JFrame (with name "Bank OCR" and showing on screen)
    in all top level windows
and check that its frame title is "BankOCR App"
but:
    all top level windows
    contained 1 JFrame (with name "Bank OCR" and showing on screen)
    frame title was "Bank OCR App"
	at com.objogate.wl.PollingProber.check(PollingProber.java:38)
	at com.objogate.wl.swing.driver.ComponentDriver.check(ComponentDriver.java:62)
	at com.objogate.wl.swing.driver.ComponentDriver.has(ComponentDriver.java:130)
	at com.objogate.wl.swing.driver.JFrameDriver.hasTitle(JFrameDriver.java:74)
	at raphaelpantaleao.bankocr.tests.endtoend.BankOCRDriver.hasTitle(BankOCRDriver.java:47)
	at raphaelpantaleao.bankocr.tests.endtoend.ApplicationRunner.initialUIStateAssertions(ApplicationRunner.java:20)
	at raphaelpantaleao.bankocr.tests.endtoend.ApplicationRunner.openItsUI(ApplicationRunner.java:15)
	at raphaelpantaleao.bankocr.tests.endtoend.BankOCREndToEndTest.userSelectsAScannedFileAndExhibitsItsAccountSuccesfully(BankOCREndToEndTest.java:19)
	at sun.reflect.NativeMethodAccessorImpl.invoke0(Native Method)
	at sun.reflect.NativeMethodAccessorImpl.invoke(NativeMethodAccessorImpl.java:62)
	at sun.reflect.DelegatingMethodAccessorImpl.invoke(DelegatingMethodAccessorImpl.java:43)
	at java.lang.reflect.Method.invoke(Method.java:483)
	at org.junit.runners.model.FrameworkMethod$1.runReflectiveCall(FrameworkMethod.java:47)
	at org.junit.internal.runners.model.ReflectiveCallable.run(ReflectiveCallable.java:12)
	at org.junit.runners.model.FrameworkMethod.invokeExplosively(FrameworkMethod.java:44)
	at org.junit.internal.runners.statements.InvokeMethod.evaluate(InvokeMethod.java:17)
	at org.junit.runners.ParentRunner.runLeaf(ParentRunner.java:271)
	at org.junit.runners.BlockJUnit4ClassRunner.runChild(BlockJUnit4ClassRunner.java:70)
	at org.junit.runners.BlockJUnit4ClassRunner.runChild(BlockJUnit4ClassRunner.java:50)
	at org.junit.runners.ParentRunner$3.run(ParentRunner.java:238)
	at org.junit.runners.ParentRunner$1.schedule(ParentRunner.java:63)
	at org.junit.runners.ParentRunner.runChildren(ParentRunner.java:236)
	at org.junit.runners.ParentRunner.access$000(ParentRunner.java:53)
	at org.junit.runners.ParentRunner$2.evaluate(ParentRunner.java:229)
	at org.junit.runners.ParentRunner.run(ParentRunner.java:309)
	at org.eclipse.jdt.internal.junit4.runner.JUnit4TestReference.run(JUnit4TestReference.java:50)
	at org.eclipse.jdt.internal.junit.runner.TestExecution.run(TestExecution.java:38)
	at org.eclipse.jdt.internal.junit.runner.RemoteTestRunner.runTests(RemoteTestRunner.java:459)
	at org.eclipse.jdt.internal.junit.runner.RemoteTestRunner.runTests(RemoteTestRunner.java:675)
	at org.eclipse.jdt.internal.junit.runner.RemoteTestRunner.run(RemoteTestRunner.java:382)
	at org.eclipse.jdt.internal.junit.runner.RemoteTestRunner.main(RemoteTestRunner.java:192)

</failure>
    </testcase>
  </testsuite>
</testrun>
